<?xml version="1.0" encoding="UTF-8" ?>
<testsuite errors="0" failures="0" hostname="Lukio-Oppilas1" name="PalloTest" tests="5" time="0.141" timestamp="2012-11-05T14:59:31">
  <properties>
[...]
</properties>
  <testcase classname="PalloTest" name="palloKaantyyXnSuhteen" time="0.0" />
  <testcase classname="PalloTest" name="palloKaantyyYnSuhteen" time="0.0" />
  <testcase classname="PalloTest" name="palloKaantyyXnJaYnSuhteen" time="0.0" />
  <testcase classname="PalloTest" name="palloKaantyyjaLiikkuu" time="0.0" />
  <testcase classname="PalloTest" name="palloLiikkuu" time="0.0" />
  <system-out><![CDATA[]]></system-out>
  <system-err><![CDATA[]]></system-err>
</testsuite>
